TN:
SF:src\config\db.js
FNF:0
FNH:0
DA:1,1
DA:2,1
DA:3,1
DA:4,1
DA:5,1
LF:5
LH:5
BRDA:1,0,0,1
BRF:1
BRH:1
end_of_record
TN:
SF:src\services\cropMappingService.js
FN:1,normalize
FN:3,cropsRoughlyMatch
FN:12,getAllCropNames
FN:24,mapDetectedCropToId
FNF:4
FNH:4
FNDA:23,normalize
FNDA:8,cropsRoughlyMatch
FNDA:6,getAllCropNames
FNDA:3,mapDetectedCropToId
DA:1,1
DA:2,1
DA:3,1
DA:4,8
DA:5,8
DA:6,8
DA:7,8
DA:8,8
DA:9,5
DA:10,1
DA:11,1
DA:12,1
DA:13,6
DA:14,6
DA:15,6
DA:16,6
DA:17,4
DA:18,4
DA:19,4
DA:20,4
DA:21,6
DA:22,1
DA:23,1
DA:24,1
DA:25,3
DA:26,3
DA:27,3
DA:28,4
DA:29,4
DA:30,4
DA:31,3
DA:32,3
DA:33,1
DA:34,1
DA:35,1
DA:36,1
DA:37,1
DA:38,1
DA:39,1
LF:39
LH:39
BRDA:1,0,0,1
BRDA:1,1,0,23
BRDA:1,2,0,0
BRDA:3,3,0,8
BRDA:6,4,0,0
BRDA:7,5,0,1
BRDA:8,6,0,7
BRDA:8,7,0,6
BRDA:8,8,0,2
BRDA:9,9,0,5
BRDA:12,10,0,6
BRDA:16,11,0,4
BRDA:16,12,0,4
BRDA:24,13,0,3
BRDA:26,14,0,0
BRDA:27,15,0,0
BRDA:27,16,0,4
BRDA:29,17,0,2
BRDA:31,18,0,1
BRDA:31,19,0,0
BRDA:32,20,0,0
BRDA:32,21,0,1
BRDA:29,22,0,6
BRDA:31,23,0,2
BRDA:31,24,0,3
BRF:25
BRH:19
end_of_record
TN:
SF:src\services\distanceService.js
FN:12,haversineDistance
FN:29,toRad
FN:39,calculateDistance
FN:126,useFallback
FN:147,isValidCoordinate
FN:159,clearCache
FNF:6
FNH:1
FNDA:0,haversineDistance
FNDA:0,toRad
FNDA:0,calculateDistance
FNDA:0,useFallback
FNDA:6,isValidCoordinate
FNDA:0,clearCache
DA:1,1
DA:2,1
DA:3,1
DA:4,1
DA:5,1
DA:6,1
DA:7,1
DA:8,1
DA:9,1
DA:10,1
DA:11,1
DA:12,1
DA:13,0
DA:14,0
DA:15,0
DA:16,0
DA:17,0
DA:18,0
DA:19,0
DA:20,0
DA:21,0
DA:22,0
DA:23,0
DA:24,0
DA:25,0
DA:26,0
DA:27,1
DA:28,1
DA:29,1
DA:30,0
DA:31,1
DA:32,1
DA:33,1
DA:34,1
DA:35,1
DA:36,1
DA:37,1
DA:38,1
DA:39,1
DA:40,0
DA:41,0
DA:42,0
DA:43,0
DA:44,0
DA:45,0
DA:46,0
DA:47,0
DA:48,0
DA:49,0
DA:50,0
DA:51,0
DA:52,0
DA:53,0
DA:54,0
DA:55,0
DA:56,0
DA:57,0
DA:58,0
DA:59,0
DA:60,0
DA:61,0
DA:62,0
DA:63,0
DA:64,0
DA:65,0
DA:66,0
DA:67,0
DA:68,0
DA:69,0
DA:70,0
DA:71,0
DA:72,0
DA:73,0
DA:74,0
DA:75,0
DA:76,0
DA:77,0
DA:78,0
DA:79,0
DA:80,0
DA:81,0
DA:82,0
DA:83,0
DA:84,0
DA:85,0
DA:86,0
DA:87,0
DA:88,0
DA:89,0
DA:90,0
DA:91,0
DA:92,0
DA:93,0
DA:94,0
DA:95,0
DA:96,0
DA:97,0
DA:98,0
DA:99,0
DA:100,0
DA:101,0
DA:102,0
DA:103,0
DA:104,0
DA:105,0
DA:106,0
DA:107,0
DA:108,0
DA:109,0
DA:110,0
DA:111,0
DA:112,0
DA:113,0
DA:114,0
DA:115,0
DA:116,0
DA:117,0
DA:118,0
DA:119,0
DA:120,0
DA:121,1
DA:122,1
DA:123,1
DA:124,1
DA:125,1
DA:126,1
DA:127,0
DA:128,0
DA:129,0
DA:130,0
DA:131,0
DA:132,0
DA:133,0
DA:134,0
DA:135,0
DA:136,0
DA:137,0
DA:138,0
DA:139,0
DA:140,0
DA:141,0
DA:142,1
DA:143,1
DA:144,1
DA:145,1
DA:146,1
DA:147,1
DA:148,6
DA:149,6
DA:150,6
DA:151,6
DA:152,6
DA:153,6
DA:154,1
DA:155,1
DA:156,1
DA:157,1
DA:158,1
DA:159,1
DA:160,0
DA:161,0
DA:162,1
DA:163,1
DA:164,1
DA:165,1
DA:166,1
DA:167,1
DA:168,1
LF:168
LH:55
BRDA:1,0,0,1
BRDA:147,1,0,6
BRDA:151,2,0,5
BRDA:152,3,0,5
BRF:4
BRH:4
end_of_record
TN:
SF:src\services\earningsService.js
FN:3,sleep
FN:4,safeNumber
FN:9,round2
FN:14,computeSurgeMultiplier
FN:21,isTransientError
FN:30,computeEarningsFromDelivery
FN:62,emitEarningsUpdated
FN:74,createEarningsService
FN:77,writeAudit
FN:85,runAtomicCredit
FN:181,scheduleRetry
FN:206,triggerEarningsUpdateAfterCompletion
FNF:12
FNH:10
FNDA:1,sleep
FNDA:65,safeNumber
FNDA:30,round2
FNDA:0,computeSurgeMultiplier
FNDA:3,isTransientError
FNDA:7,computeEarningsFromDelivery
FNDA:4,emitEarningsUpdated
FNDA:5,createEarningsService
FNDA:6,writeAudit
FNDA:6,runAtomicCredit
FNDA:0,scheduleRetry
FNDA:5,triggerEarningsUpdateAfterCompletion
DA:1,1
DA:2,1
DA:3,1
DA:4,1
DA:5,65
DA:6,65
DA:7,1
DA:8,1
DA:9,1
DA:10,30
DA:11,30
DA:12,1
DA:13,1
DA:14,1
DA:15,0
DA:16,0
DA:17,0
DA:18,0
DA:19,1
DA:20,1
DA:21,1
DA:22,3
DA:23,3
DA:24,3
DA:25,3
DA:26,3
DA:27,2
DA:28,1
DA:29,1
DA:30,1
DA:31,7
DA:32,7
DA:33,7
DA:34,7
DA:35,7
DA:36,7
DA:37,7
DA:38,7
DA:39,7
DA:40,7
DA:41,7
DA:42,7
DA:43,7
DA:44,7
DA:45,7
DA:46,7
DA:47,7
DA:48,7
DA:49,7
DA:50,7
DA:51,7
DA:52,7
DA:53,7
DA:54,7
DA:55,7
DA:56,7
DA:57,7
DA:58,7
DA:59,7
DA:60,1
DA:61,1
DA:62,1
DA:63,4
DA:64,4
DA:65,4
DA:66,4
DA:67,4
DA:68,4
DA:69,4
DA:70,4
DA:71,4
DA:72,1
DA:73,1
DA:74,1
DA:75,5
DA:76,5
DA:77,5
DA:78,6
DA:79,6
DA:80,6
DA:81,0
DA:82,0
DA:83,5
DA:84,5
DA:85,5
DA:86,6
DA:87,6
DA:88,6
DA:89,6
DA:90,6
DA:91,6
DA:92,6
DA:93,6
DA:94,6
DA:95,6
DA:96,6
DA:97,6
DA:98,6
DA:99,6
DA:100,6
DA:101,6
DA:102,0
DA:103,0
DA:104,0
DA:105,0
DA:106,0
DA:107,0
DA:108,0
DA:109,0
DA:110,0
DA:111,6
DA:112,6
DA:113,0
DA:114,0
DA:115,0
DA:116,0
DA:117,0
DA:118,0
DA:119,0
DA:120,0
DA:121,0
DA:122,6
DA:123,6
DA:124,6
DA:125,6
DA:126,6
DA:127,5
DA:128,5
DA:129,1
DA:130,1
DA:131,4
DA:132,4
DA:133,4
DA:134,4
DA:135,4
DA:136,4
DA:137,4
DA:138,4
DA:139,4
DA:140,4
DA:141,4
DA:142,4
DA:143,4
DA:144,4
DA:145,4
DA:146,4
DA:147,3
DA:148,3
DA:149,3
DA:150,3
DA:151,3
DA:152,3
DA:153,3
DA:154,6
DA:155,4
DA:156,4
DA:157,4
DA:158,4
DA:159,6
DA:160,6
DA:161,6
DA:162,6
DA:163,6
DA:164,4
DA:165,4
DA:166,4
DA:167,6
DA:168,2
DA:169,2
DA:170,2
DA:171,2
DA:172,2
DA:173,2
DA:174,2
DA:175,2
DA:176,2
DA:177,2
DA:178,2
DA:179,5
DA:180,5
DA:181,5
DA:182,0
DA:183,0
DA:184,0
DA:185,0
DA:186,0
DA:187,0
DA:188,0
DA:189,0
DA:190,0
DA:191,0
DA:192,0
DA:193,0
DA:194,0
DA:195,0
DA:196,0
DA:197,0
DA:198,0
DA:199,0
DA:200,0
DA:201,0
DA:202,0
DA:203,0
DA:204,5
DA:205,5
DA:206,5
DA:207,5
DA:208,5
DA:209,6
DA:210,6
DA:211,4
DA:212,0
DA:213,6
DA:214,2
DA:215,1
DA:216,1
DA:217,1
DA:218,2
DA:219,0
DA:220,0
DA:221,1
DA:222,1
DA:223,6
DA:224,0
DA:225,5
DA:226,5
DA:227,5
DA:228,1
DA:229,1
DA:230,1
DA:231,1
DA:232,1
DA:233,1
DA:234,1
LF:234
LH:184
BRDA:1,0,0,1
BRDA:3,1,0,1
BRDA:3,2,0,1
BRDA:4,3,0,65
BRDA:6,4,0,59
BRDA:6,5,0,6
BRDA:9,6,0,30
BRDA:21,7,0,3
BRDA:22,8,0,0
BRDA:23,9,0,0
BRDA:24,10,0,2
BRDA:24,11,0,2
BRDA:24,12,0,2
BRDA:24,13,0,1
BRDA:25,14,0,2
BRDA:25,15,0,0
BRDA:26,16,0,2
BRDA:26,17,0,2
BRDA:26,18,0,0
BRDA:27,19,0,2
BRDA:30,20,0,7
BRDA:36,21,0,0
BRDA:39,22,0,2
BRDA:39,23,0,5
BRDA:40,24,0,2
BRDA:40,25,0,5
BRDA:41,26,0,2
BRDA:41,27,0,2
BRDA:41,28,0,5
BRDA:43,29,0,0
BRDA:44,30,0,2
BRDA:44,31,0,5
BRDA:62,32,0,4
BRDA:63,33,0,0
BRDA:67,34,0,0
BRDA:67,35,0,0
BRDA:74,36,0,5
BRDA:77,37,0,6
BRDA:80,38,0,0
BRDA:85,39,0,6
BRDA:101,40,0,0
BRDA:112,41,0,0
BRDA:112,42,0,0
BRDA:155,43,0,4
BRDA:159,44,0,3
BRDA:159,45,0,1
BRDA:164,46,0,4
BRDA:167,47,0,2
BRDA:174,48,0,0
BRDA:126,49,0,5
BRDA:128,50,0,1
BRDA:131,51,0,4
BRDA:147,52,0,3
BRDA:206,53,0,5
BRDA:208,54,0,6
BRDA:211,55,0,4
BRDA:212,56,0,0
BRDA:213,57,0,2
BRDA:214,58,0,1
BRDA:218,59,0,0
BRDA:218,60,0,0
BRDA:221,61,0,1
BRDA:224,62,0,0
BRF:63
BRH:45
end_of_record
TN:
SF:src\services\locationDefaultsService.js
FN:3,safeTrim
FN:5,resolveFarmerListingLocation
FN:12,resolveBuyerLocationString
FN:19,normalizeLocationInput
FN:33,resolvePickupLocation
FN:48,resolveDropLocation
FNF:6
FNH:6
FNDA:10,safeTrim
FNDA:3,resolveFarmerListingLocation
FNDA:1,resolveBuyerLocationString
FNDA:4,normalizeLocationInput
FNDA:1,resolvePickupLocation
FNDA:2,resolveDropLocation
DA:1,1
DA:2,1
DA:3,1
DA:4,1
DA:5,1
DA:6,3
DA:7,3
DA:8,3
DA:9,3
DA:10,1
DA:11,1
DA:12,1
DA:13,1
DA:14,1
DA:15,1
DA:16,1
DA:17,1
DA:18,1
DA:19,1
DA:20,4
DA:21,3
DA:22,4
DA:23,4
DA:24,4
DA:25,4
DA:26,4
DA:27,0
DA:28,0
DA:29,0
DA:30,4
DA:31,1
DA:32,1
DA:33,1
DA:34,1
DA:35,1
DA:36,1
DA:37,1
DA:38,1
DA:39,1
DA:40,1
DA:41,1
DA:42,1
DA:43,1
DA:44,1
DA:45,1
DA:46,1
DA:47,1
DA:48,1
DA:49,2
DA:50,2
DA:51,1
DA:52,1
DA:53,1
DA:54,2
DA:55,2
DA:56,2
DA:57,2
DA:58,2
DA:59,2
DA:60,2
DA:61,2
DA:62,2
DA:63,1
DA:64,1
DA:65,1
DA:66,1
DA:67,1
DA:68,1
DA:69,1
DA:70,1
LF:70
LH:67
BRDA:1,0,0,1
BRDA:3,1,0,10
BRDA:3,2,0,9
BRDA:3,3,0,1
BRDA:5,4,0,3
BRDA:7,5,0,2
BRDA:8,6,0,1
BRDA:8,7,0,1
BRDA:8,8,0,1
BRDA:9,9,0,1
BRDA:9,10,0,0
BRDA:12,11,0,1
BRDA:15,12,0,0
BRDA:15,13,0,0
BRDA:16,14,0,0
BRDA:16,15,0,0
BRDA:19,16,0,4
BRDA:20,17,0,3
BRDA:20,18,0,1
BRDA:21,19,0,3
BRDA:22,20,0,0
BRDA:23,21,0,3
BRDA:23,22,0,0
BRDA:25,23,0,2
BRDA:26,24,0,3
BRDA:26,25,0,2
BRDA:26,26,0,0
BRDA:30,27,0,3
BRDA:30,28,0,2
BRDA:30,29,0,1
BRDA:33,30,0,1
BRDA:41,31,0,0
BRDA:48,32,0,2
BRDA:49,33,0,1
BRDA:50,34,0,1
BRDA:51,35,0,0
BRDA:55,36,0,1
BRDA:56,37,0,1
BRDA:57,38,0,0
BRF:39
BRH:28
end_of_record
TN:
SF:src\services\nvidiaVisionService.js
FN:3,safeJsonParse
FN:24,validateNvidiaApiKey
FN:32,wait
FN:34,callNvidiaChat
FN:91,extractAssistantText
FN:96,buildVisionContent
FN:105,analyzeCropImages
FNF:7
FNH:4
FNDA:2,safeJsonParse
FNDA:5,validateNvidiaApiKey
FNDA:1,wait
FNDA:1,callNvidiaChat
FNDA:0,extractAssistantText
FNDA:0,buildVisionContent
FNDA:0,analyzeCropImages
DA:1,1
DA:2,1
DA:3,1
DA:4,2
DA:5,2
DA:6,2
DA:7,2
DA:8,2
DA:9,2
DA:10,2
DA:11,2
DA:12,2
DA:13,1
DA:14,1
DA:15,2
DA:16,1
DA:17,1
DA:18,1
DA:19,1
DA:20,1
DA:21,0
DA:22,1
DA:23,1
DA:24,1
DA:25,5
DA:26,5
DA:27,5
DA:28,5
DA:29,2
DA:30,1
DA:31,1
DA:32,1
DA:33,1
DA:34,1
DA:35,1
DA:36,1
DA:37,1
DA:38,0
DA:39,0
DA:40,0
DA:41,0
DA:42,1
DA:43,1
DA:44,1
DA:45,1
DA:46,2
DA:47,2
DA:48,2
DA:49,2
DA:50,2
DA:51,2
DA:52,2
DA:53,2
DA:54,2
DA:55,2
DA:56,2
DA:57,2
DA:58,2
DA:59,2
DA:60,2
DA:61,2
DA:62,2
DA:63,2
DA:64,2
DA:65,2
DA:66,2
DA:67,1
DA:68,1
DA:69,2
DA:70,2
DA:71,2
DA:72,0
DA:73,0
DA:74,0
DA:75,0
DA:76,0
DA:77,0
DA:78,1
DA:79,1
DA:80,1
DA:81,1
DA:82,1
DA:83,2
DA:84,0
DA:85,0
DA:86,1
DA:87,1
DA:88,1
DA:89,1
DA:90,1
DA:91,1
DA:92,0
DA:93,0
DA:94,1
DA:95,1
DA:96,1
DA:97,0
DA:98,0
DA:99,0
DA:100,0
DA:101,0
DA:102,0
DA:103,1
DA:104,1
DA:105,1
DA:106,0
DA:107,0
DA:108,0
DA:109,0
DA:110,0
DA:111,0
DA:112,0
DA:113,0
DA:114,0
DA:115,0
DA:116,0
DA:117,0
DA:118,0
DA:119,0
DA:120,0
DA:121,0
DA:122,0
DA:123,0
DA:124,0
DA:125,0
DA:126,0
DA:127,0
DA:128,0
DA:129,0
DA:130,0
DA:131,0
DA:132,0
DA:133,0
DA:134,0
DA:135,0
DA:136,0
DA:137,0
DA:138,0
DA:139,1
DA:140,1
DA:141,1
DA:142,1
DA:143,1
DA:144,1
DA:145,1
DA:146,1
LF:146
LH:92
BRDA:1,0,0,1
BRDA:3,1,0,2
BRDA:4,2,0,0
BRDA:5,3,0,0
BRDA:12,4,0,1
BRDA:15,5,0,1
BRDA:19,6,0,0
BRDA:21,7,0,0
BRDA:24,8,0,5
BRDA:25,9,0,1
BRDA:26,10,0,1
BRDA:27,11,0,4
BRDA:27,12,0,1
BRDA:28,13,0,3
BRDA:28,14,0,1
BRDA:29,15,0,2
BRDA:32,16,0,1
BRDA:32,17,0,1
BRDA:34,18,0,1
BRDA:35,19,0,0
BRDA:37,20,0,0
BRDA:45,21,0,2
BRDA:64,22,0,0
BRDA:66,23,0,1
BRDA:69,24,0,0
BRDA:69,25,0,0
BRDA:70,26,0,1
BRDA:70,27,0,0
BRDA:70,28,0,0
BRDA:70,29,0,0
BRDA:70,30,0,0
BRDA:71,31,0,0
BRDA:78,32,0,1
BRDA:83,33,0,0
BRDA:86,34,0,1
BRF:35
BRH:20
end_of_record
