TN:
SF:src\utils\imageQuality.ts
FN:11,luma
FN:13,computeQualityMetricsFromRGBA
FN:91,qualityGradeFromMetrics
FNF:3
FNH:3
FNDA:1024,luma
FNDA:1,computeQualityMetricsFromRGBA
FNDA:1,qualityGradeFromMetrics
DA:11,1
DA:13,1
DA:14,1
DA:15,1
DA:16,1
DA:17,1
DA:18,1
DA:19,1
DA:20,1
DA:21,1
DA:23,1
DA:24,1
DA:25,1024
DA:26,1024
DA:27,1024
DA:28,1024
DA:29,1024
DA:30,1024
DA:31,1024
DA:32,1024
DA:33,1024
DA:34,1024
DA:35,1024
DA:36,1024
DA:37,1024
DA:38,1024
DA:40,1
DA:41,1
DA:42,1
DA:43,1
DA:44,1
DA:45,1
DA:47,1
DA:48,1
DA:49,1
DA:50,1
DA:51,1
DA:53,1
DA:54,1
DA:55,1
DA:56,1
DA:57,30
DA:58,900
DA:59,900
DA:60,900
DA:61,900
DA:62,900
DA:63,900
DA:64,900
DA:65,900
DA:66,30
DA:67,1
DA:68,1
DA:69,1
DA:71,1
DA:72,1
DA:73,1
DA:74,1
DA:75,30
DA:76,900
DA:77,900
DA:78,900
DA:79,900
DA:80,900
DA:81,900
DA:82,900
DA:83,30
DA:84,1
DA:85,1
DA:86,1
DA:88,1
DA:89,1
DA:91,1
DA:92,1
DA:93,1
DA:94,1
DA:95,1
DA:96,1
DA:97,1
DA:99,1
DA:100,1
DA:101,0
DA:102,0
DA:103,0
DA:104,0
LF:85
LH:81
BRDA:11,0,0,1024
BRDA:13,1,0,1
BRDA:24,2,0,1024
BRDA:33,3,0,0
BRDA:34,4,0,0
BRDA:56,5,0,30
BRDA:57,6,0,900
BRDA:74,7,0,30
BRDA:75,8,0,900
BRDA:91,9,0,1
BRDA:92,10,0,0
BRDA:93,11,0,0
BRDA:93,12,0,0
BRDA:100,13,0,0
BRF:14
BRH:8
end_of_record
TN:
SF:src\utils\smartCrop.ts
FN:4,clamp01
FN:6,normalizeBox
FN:16,rectFromNormalized
FN:24,centerCropRect
FN:40,adjustRectToAspect
FN:58,computeGradientEnergy
FN:60,lumaAt
FN:81,boundingBoxFromEnergy
FN:105,smartCropRectFromRGBA
FNF:9
FNH:5
FNDA:0,clamp01
FNDA:0,normalizeBox
FNDA:0,rectFromNormalized
FNDA:0,centerCropRect
FNDA:1,adjustRectToAspect
FNDA:1,computeGradientEnergy
FNDA:12768,lumaAt
FNDA:1,boundingBoxFromEnergy
FNDA:1,smartCropRectFromRGBA
DA:4,1
DA:6,1
DA:7,0
DA:8,0
DA:9,0
DA:10,0
DA:11,0
DA:12,0
DA:13,0
DA:14,0
DA:16,1
DA:17,0
DA:18,0
DA:19,0
DA:20,0
DA:21,0
DA:22,0
DA:24,1
DA:25,0
DA:26,0
DA:27,0
DA:28,0
DA:29,0
DA:30,0
DA:31,0
DA:32,0
DA:33,0
DA:34,0
DA:35,0
DA:36,0
DA:37,0
DA:38,0
DA:40,1
DA:41,1
DA:42,1
DA:43,1
DA:44,1
DA:45,1
DA:46,1
DA:47,0
DA:48,1
DA:49,1
DA:50,1
DA:51,1
DA:52,1
DA:53,1
DA:54,1
DA:55,1
DA:56,1
DA:58,1
DA:59,1
DA:60,1
DA:61,12768
DA:62,12768
DA:63,12768
DA:64,12768
DA:65,12768
DA:66,12768
DA:67,1
DA:68,28
DA:69,1064
DA:70,1064
DA:71,1064
DA:72,1064
DA:73,1064
DA:74,1064
DA:75,1064
DA:76,1064
DA:77,28
DA:78,1
DA:79,1
DA:81,1
DA:82,1
DA:83,1
DA:84,1
DA:85,1
DA:87,1
DA:88,1
DA:89,30
DA:90,1200
DA:91,1200
DA:92,144
DA:93,144
DA:94,144
DA:95,144
DA:96,144
DA:97,1200
DA:98,30
DA:99,1
DA:100,1
DA:101,1
DA:102,1
DA:103,1
DA:105,1
DA:106,1
DA:107,1
DA:108,1
DA:109,1
DA:110,1
DA:111,1
DA:112,1
DA:113,1
DA:114,1
DA:115,1
DA:116,1
LF:105
LH:76
BRDA:40,0,0,1
BRDA:46,1,0,0
BRDA:58,2,0,1
BRDA:67,3,0,28
BRDA:68,4,0,1064
BRDA:60,5,0,12768
BRDA:81,6,0,1
BRDA:83,7,0,1200
BRDA:85,8,0,0
BRDA:88,9,0,30
BRDA:89,10,0,1200
BRDA:91,11,0,144
BRDA:92,12,0,1
BRDA:93,13,0,1
BRDA:94,14,0,12
BRDA:95,15,0,12
BRDA:99,16,0,0
BRDA:84,17,0,3061
BRDA:105,18,0,1
BRDA:108,19,0,0
BRF:20
BRH:16
end_of_record
